  GLSLprimer.c
C:\Users\Martin\Desktop\TNM084-project\GLSLprimer.c(242,44): warning C4244: 'function': conversion from 'double' to 'float', possible loss of data
C:\Users\Martin\Desktop\TNM084-project\GLSLprimer.c(243,46): warning C4244: 'function': conversion from 'double' to 'float', possible loss of data
C:\Users\Martin\Desktop\TNM084-project\GLSLprimer.c(287,43): warning C4244: 'function': conversion from 'double' to 'float', possible loss of data
C:\Users\Martin\Desktop\TNM084-project\GLSLprimer.c(288,45): warning C4244: 'function': conversion from 'double' to 'float', possible loss of data
C:\Users\Martin\Desktop\TNM084-project\GLSLprimer.c(329,56): warning C4244: 'function': conversion from 'double' to 'float', possible loss of data
C:\Users\Martin\Desktop\TNM084-project\GLSLprimer.c(330,57): warning C4244: 'function': conversion from 'double' to 'float', possible loss of data
C:\Users\Martin\Desktop\TNM084-project\GLSLprimer.c(80,1): warning C4305: 'initializing': truncation from 'double' to 'float'
  pollRotator.c
C:\Users\Martin\Desktop\TNM084-project\source\pollRotator.c(21,33): warning C4244: '+=': conversion from 'double' to 'float', possible loss of data
C:\Users\Martin\Desktop\TNM084-project\source\pollRotator.c(22,39): warning C4244: '=': conversion from 'double' to 'float', possible loss of data
C:\Users\Martin\Desktop\TNM084-project\source\pollRotator.c(26,33): warning C4244: '-=': conversion from 'double' to 'float', possible loss of data
C:\Users\Martin\Desktop\TNM084-project\source\pollRotator.c(27,39): warning C4244: '=': conversion from 'double' to 'float', possible loss of data
C:\Users\Martin\Desktop\TNM084-project\source\pollRotator.c(32,35): warning C4244: '+=': conversion from 'double' to 'float', possible loss of data
C:\Users\Martin\Desktop\TNM084-project\source\pollRotator.c(37,35): warning C4244: '-=': conversion from 'double' to 'float', possible loss of data
C:\Users\Martin\Desktop\TNM084-project\source\pollRotator.c(68,43): warning C4244: '+=': conversion from 'double' to 'float', possible loss of data
C:\Users\Martin\Desktop\TNM084-project\source\pollRotator.c(69,63): warning C4244: '=': conversion from 'double' to 'float', possible loss of data
C:\Users\Martin\Desktop\TNM084-project\source\pollRotator.c(71,46): warning C4244: '+=': conversion from 'double' to 'float', possible loss of data
C:\Users\Martin\Desktop\TNM084-project\source\pollRotator.c(75,29): warning C4244: '=': conversion from 'double' to 'int', possible loss of data
C:\Users\Martin\Desktop\TNM084-project\source\pollRotator.c(76,31): warning C4244: '=': conversion from 'double' to 'int', possible loss of data
C:\Users\Martin\Desktop\TNM084-project\source\pollRotator.c(77,23): warning C4244: '=': conversion from 'double' to 'int', possible loss of data
C:\Users\Martin\Desktop\TNM084-project\source\pollRotator.c(78,23): warning C4244: '=': conversion from 'double' to 'int', possible loss of data
  tnm084.c
C:\Users\Martin\Desktop\TNM084-project\source\tnm084.c(161,1): warning C4996: 'fopen': This function or variable may be unsafe. Consider using fopen_s instead. To disable deprecation, use _CRT_SECURE_NO_WARNINGS. See online help for details.
C:\Program Files (x86)\Windows Kits\10\Include\10.0.18362.0\ucrt\stdio.h(208): message : see declaration of 'fopen'
C:\Users\Martin\Desktop\TNM084-project\source\tnm084.c(279,1): warning C4996: 'sprintf': This function or variable may be unsafe. Consider using sprintf_s instead. To disable deprecation, use _CRT_SECURE_NO_WARNINGS. See online help for details.
C:\Program Files (x86)\Windows Kits\10\Include\10.0.18362.0\ucrt\stdio.h(1774): message : see declaration of 'sprintf'
  triangleSoup.c
C:\Users\Martin\Desktop\TNM084-project\source\triangleSoup.c(124,17): warning C4244: '=': conversion from 'double' to 'float', possible loss of data
C:\Users\Martin\Desktop\TNM084-project\source\triangleSoup.c(125,17): warning C4244: '=': conversion from 'double' to 'float', possible loss of data
C:\Users\Martin\Desktop\TNM084-project\source\triangleSoup.c(128,24): warning C4244: '=': conversion from 'double' to 'float', possible loss of data
C:\Users\Martin\Desktop\TNM084-project\source\triangleSoup.c(129,24): warning C4244: '=': conversion from 'double' to 'float', possible loss of data
C:\Users\Martin\Desktop\TNM084-project\source\triangleSoup.c(250,1): warning C4996: 'fopen': This function or variable may be unsafe. Consider using fopen_s instead. To disable deprecation, use _CRT_SECURE_NO_WARNINGS. See online help for details.
C:\Program Files (x86)\Windows Kits\10\Include\10.0.18362.0\ucrt\stdio.h(208): message : see declaration of 'fopen'
C:\Users\Martin\Desktop\TNM084-project\source\triangleSoup.c(254,1): warning C4996: 'sscanf': This function or variable may be unsafe. Consider using sscanf_s instead. To disable deprecation, use _CRT_SECURE_NO_WARNINGS. See online help for details.
C:\Program Files (x86)\Windows Kits\10\Include\10.0.18362.0\ucrt\stdio.h(2263): message : see declaration of 'sscanf'
C:\Users\Martin\Desktop\TNM084-project\source\triangleSoup.c(279,1): warning C4996: 'sscanf': This function or variable may be unsafe. Consider using sscanf_s instead. To disable deprecation, use _CRT_SECURE_NO_WARNINGS. See online help for details.
C:\Program Files (x86)\Windows Kits\10\Include\10.0.18362.0\ucrt\stdio.h(2263): message : see declaration of 'sscanf'
C:\Users\Martin\Desktop\TNM084-project\source\triangleSoup.c(282,1): warning C4996: 'sscanf': This function or variable may be unsafe. Consider using sscanf_s instead. To disable deprecation, use _CRT_SECURE_NO_WARNINGS. See online help for details.
C:\Program Files (x86)\Windows Kits\10\Include\10.0.18362.0\ucrt\stdio.h(2263): message : see declaration of 'sscanf'
C:\Users\Martin\Desktop\TNM084-project\source\triangleSoup.c(296,1): warning C4996: 'sscanf': This function or variable may be unsafe. Consider using sscanf_s instead. To disable deprecation, use _CRT_SECURE_NO_WARNINGS. See online help for details.
C:\Program Files (x86)\Windows Kits\10\Include\10.0.18362.0\ucrt\stdio.h(2263): message : see declaration of 'sscanf'
C:\Users\Martin\Desktop\TNM084-project\source\triangleSoup.c(308,1): warning C4996: 'sscanf': This function or variable may be unsafe. Consider using sscanf_s instead. To disable deprecation, use _CRT_SECURE_NO_WARNINGS. See online help for details.
C:\Program Files (x86)\Windows Kits\10\Include\10.0.18362.0\ucrt\stdio.h(2263): message : see declaration of 'sscanf'
C:\Users\Martin\Desktop\TNM084-project\source\triangleSoup.c(320,1): warning C4996: 'sscanf': This function or variable may be unsafe. Consider using sscanf_s instead. To disable deprecation, use _CRT_SECURE_NO_WARNINGS. See online help for details.
C:\Program Files (x86)\Windows Kits\10\Include\10.0.18362.0\ucrt\stdio.h(2263): message : see declaration of 'sscanf'
  Generating Code...
LINK : warning LNK4075: ignoring '/INCREMENTAL' due to '/OPT:ICF' specification
  TNM084.vcxproj -> C:\Users\Martin\Desktop\TNM084-project\Release\TNM084.exe
